101
3689 7
85595 5484 4020 22385 61466 91723 41546
766 3
1981 73864 94320
5773 5
3897 1732 71780 60981 69953
6350 4
80162 88930 29478 85008
9611 1
43793
2502 2
49686 57797
6909 2
54474 50266
2204 5
59184 55043 57300 25954 58586
5921 2
28127 25341
4493 4
55767 966 11542 21504
2024 2
60075 85376
4407 2
69998 37494
5456 5
65290 52154 83731 87086 36677
2458 2
48316 53647
7151 2
41231 75861
3710 4
55705 71603 38676 71177
1392 7
55229 49105 11874 26918 20162 2584 15227
1712 2
89319 48521
956 3
70651 2060 95823
6993 5
81627 69164 2980 48603 16950
3421 3
37190 49156 16563
2781 3
38877 67355 65698
7599 9
65522 15490 15969 55343 44570 82086 15740 65680 14510
7216 2
33877 23149
6767 3
82419 48198 1299
1267 7
2829 91226 67886 592 5885 40834 96082
9211 2
1390 2447
4578 1
502
9109 5
10455 73314 72686 15604 17036
7672 4
29371 10052 89362 2865
493 5
97666 70102 20574 71703 84813
9113 2
38334 90477
5424 4
43517 94041 73218 58046
7185 4
90274 23578 30256 41746
5959 4
87472 63552 32423 30054
2092 2
36046 93702
2117 1
20426
2749 2
53364 62406
9644 1
12269
6919 1
82611
3372 4
34889 90137 18459 93244
2419 2
90113 24024
2361 3
9570 78265 43639
4918 2
41714 481
4256 4
64685 28656 67670 90718
330 2
66343 19359
7162 4
32720 86002 62040 23471
1539 3
46661 36832 73615
6578 4
76143 96914 21252 836
84 4
58794 71298 90543 90880
3086 3
99752 46118 71539
4765 2
40877 10403
8158 2
16474 91055
5514 3
2548 66841 83995
8321 4
41800 87998 20033 75848
4976 6
76445 32179 79906 61870 73118 3294
8942 5
56294 38874 6086 36410 31224
9825 4
88978 2204 51662 80134
3015 6
61320 45619 56574 4840 44696 59103
7633 5
4235 68482 22303 14810 63037
9529 6
20656 76740 12130 45677 24122 49310
4389 5
33244 99414 74590 54168 45003
2428 3
83928 11203 69485
2550 5
77956 77291 4811 60872 71671
8693 5
36047 64123 69895 35608 67336
431 3
37768 12489 7761
1647 2
428 87101
4468 2
90523 71345
1352 2
72680 74571
691 1
92213
1142 3
56941 97972 28631
5478 5
54915 46017 74149 43878 68316
1754 6
72643 33239 25436 54286 77474 92246
369 5
3212 51246 77410 9739 13634
4733 1
35775
7595 4
25145 10927 74058 85333
7642 3
45911 51285 82987
1218 5
91149 56163 56959 26083 59153
6144 4
33017 5538 58025 87952
6362 3
30994 55192 91293
8027 5
33808 11970 31652 38730 98265
4678 4
12483 1812 26119 49332
8208 2
4970 64399
7271 3
13336 63735 24249
3736 6
33953 72466 56531 5459 74801 14771
2180 2
57319 71412
1231 3
95083 93993 84602
6373 4
94986 54118 13788 47406
2929 5
54481 70385 21993 38703 44911
2338 5
40544 45100 81215 44022 67777
150 1
16000
5929 5
877 96460 57092 56154 67145
6033 1
34466
4570 1
58232
7020 3
47260 50381 99471
2 2
59105 11192
8130 2
27833 36435
861 4
17567 23409 50850 88458
1237 3
78183 68167 48645
2103 3
29044 19124 10579
7436 3
97220 25505 15286
