20
981 10
47901 6800 77268 10959 72563 97003 63877 63092 92582 91539
964 5
76592 72705 81444 65082 28227
951 3
2182 38229 44438
934 2
52911 45825
930 3
46872 32765 34177
929 4
40934 12015 25856 36738
917 2
20178 86572
884 8
37885 95796 20159 16055 6927 55252 10719 44448
875 3
76932 25492 76699
842 1
56517
840 1
68131
829 9
75215 43947 32481 58440 75457 43235 910 2251 7618
811 4
74052 52862 60870 75307
758 6
91272 22047 14047 212 26885 49900
746 1
99256
744 13
92647 15800 71808 40177 65234 99647 21478 84344 15622 27514 83551 63954 96262
742 5
65140 52705 64816 27435 48188
730 8
84530 52214 37427 76137 96399 35511 47807 96578
728 4
64493 76721 98892 94010
660 1
65091
